Der Buildvorgang wurde am 18.11.2015 05:04:05 gestartet.
     1>Projekt "C:\Users\Lukas\documents\visual studio 2010\Projects\cpbs14c_b\cpbs14c_b\cpbs14c_b.vcxproj" auf Knoten "2", build Ziel(e).
     1>InitializeBuildStatus:
         "Debug\cpbs14c_b.unsuccessfulbuild" wird erstellt, da "AlwaysCreate" angegeben wurde.
       GenerateTargetFrameworkMonikerAttribute:
       Das Ziel "GenerateTargetFrameworkMonikerAttribute" wird übersprungen, da alle Ausgabedateien hinsichtlich der Eingabedateien aktuell sind.
       ClCompile:
         Alle Ausgaben sind aktuell.
         C:\Program Files (x86)\Microsoft Visual Studio 10.0\VC\bin\CL.exe /c /AI"C:\Program Files (x86)\Reference Assemblies\Microsoft\Framework\.NETFramework\v4.0" /Zi /clr:pure /nologo /W3 /WX- /Od /Oy- /D WIN32 /D _DEBUG /D _UNICODE /D UNICODE /EHa /MDd /GS /fp:precise /Zc:wchar_t /Zc:forScope /Yu"StdAfx.h" /Fp"Debug\cpbs14c_b.pch" /Fo"Debug\\" /Fd"Debug\vc100.pdb" /TP /FU"C:\Program Files (x86)\Reference Assemblies\Microsoft\Framework\.NETFramework\v4.0\System.Core.dll" /FU"C:\Program Files (x86)\Reference Assemblies\Microsoft\Framework\.NETFramework\v4.0\System.Data.dll" /FU"C:\Program Files (x86)\Reference Assemblies\Microsoft\Framework\.NETFramework\v4.0\System.dll" /FU"C:\Program Files (x86)\Reference Assemblies\Microsoft\Framework\.NETFramework\v4.0\System.Drawing.dll" /FU"C:\Program Files (x86)\Reference Assemblies\Microsoft\Framework\.NETFramework\v4.0\System.Windows.Forms.dll" /FU"C:\Program Files (x86)\Reference Assemblies\Microsoft\Framework\.NETFramework\v4.0\System.Xml.dll" /analyze- /errorReport:prompt cpbs14c_b.cpp /clr:nostdlib 
         cpbs14c_b.cpp
         Alle Ausgaben sind aktuell.
       CoreResGen:
         Es sind keine Ressourcen vorhanden, die im Hinblick auf die Quelldateien veraltet sind. Die Ressourcengenerierung wird übersprungen.
       ResourceCompile:
         Alle Ausgaben sind aktuell.
       Link:
         C:\Program Files (x86)\Microsoft Visual Studio 10.0\VC\bin\link.exe /ERRORREPORT:PROMPT /OUT:"C:\Users\Lukas\documents\visual studio 2010\Projects\cpbs14c_b\Debug\cpbs14c_b.exe" /INCREMENTAL /NOLOGO /ASSEMBLYRESOURCE:Debug\cpbs14c_b.einstellungenDialog.resources /ASSEMBLYRESOURCE:Debug\cpbs14c_b.Form1.resources /ASSEMBLYRESOURCE:Debug\cpbs14c_b.nameDialog.resources /MANIFEST /ManifestFile:"Debug\cpbs14c_b.exe.intermediate.manifest" /MANIFESTUAC:"level='asInvoker' uiAccess='false'" /DEBUG /PDB:"C:\Users\Lukas\documents\visual studio 2010\Projects\cpbs14c_b\Debug\cpbs14c_b.pdb" /ASSEMBLYDEBUG /SUBSYSTEM:WINDOWS /TLBID:1 /ENTRY:"main" /DYNAMICBASE /FIXED:NO /NXCOMPAT /MACHINE:X86 Debug\app.res
         Debug\AssemblyInfo.obj
         Debug\cpbs14c_b.obj
         Debug\einstellungenDialog.obj
         Debug\nameDialog.obj
         Debug\stdafx.obj
         "Debug\.NETFramework,Version=v4.0.AssemblyAttributes.obj"
         cpbs14c_b.vcxproj -> C:\Users\Lukas\documents\visual studio 2010\Projects\cpbs14c_b\Debug\cpbs14c_b.exe
       Manifest:
         C:\Program Files (x86)\Microsoft SDKs\Windows\v7.0A\bin\mt.exe /nologo /verbose /outputresource:"C:\Users\Lukas\documents\visual studio 2010\Projects\cpbs14c_b\Debug\cpbs14c_b.exe;#1" /manifest Debug\cpbs14c_b.exe.intermediate.manifest
       FinalizeBuildStatus:
         Die Datei "Debug\cpbs14c_b.unsuccessfulbuild" wird gelöscht.
         Aktualisieren des Timestamps von "Debug\cpbs14c_b.lastbuildstate".
     1>Die Erstellung des Projekts "C:\Users\Lukas\documents\visual studio 2010\Projects\cpbs14c_b\cpbs14c_b\cpbs14c_b.vcxproj" ist abgeschlossen, build Ziel(e).

Das Erstellen war erfolgreich.

Verstrichene Zeit 00:00:10.00
