Der Buildvorgang wurde am 29.05.2015 00:49:05 gestartet.
     1>Projekt "C:\Users\Lukas\documents\visual studio 2010\Projects\Bildbetrachter\Bildbetrachter\Bildbetrachter.vcxproj" auf Knoten "2", build Ziel(e).
     1>InitializeBuildStatus:
         "Debug\Bildbetrachter.unsuccessfulbuild" wird erstellt, da "AlwaysCreate" angegeben wurde.
       GenerateTargetFrameworkMonikerAttribute:
       Das Ziel "GenerateTargetFrameworkMonikerAttribute" wird übersprungen, da alle Ausgabedateien hinsichtlich der Eingabedateien aktuell sind.
       ClCompile:
         Alle Ausgaben sind aktuell.
         C:\Program Files (x86)\Microsoft Visual Studio 10.0\VC\bin\CL.exe /c /AI"C:\Program Files (x86)\Reference Assemblies\Microsoft\Framework\.NETFramework\v4.0" /Zi /clr:pure /nologo /W3 /WX- /Od /Oy- /D WIN32 /D _DEBUG /D _UNICODE /D UNICODE /EHa /MDd /GS /fp:precise /Zc:wchar_t /Zc:forScope /Yu"StdAfx.h" /Fp"Debug\Bildbetrachter.pch" /Fo"Debug\\" /Fd"Debug\vc100.pdb" /TP /FU"C:\Program Files (x86)\Reference Assemblies\Microsoft\Framework\.NETFramework\v4.0\System.Core.dll" /FU"C:\Program Files (x86)\Reference Assemblies\Microsoft\Framework\.NETFramework\v4.0\System.Data.dll" /FU"C:\Program Files (x86)\Reference Assemblies\Microsoft\Framework\.NETFramework\v4.0\System.dll" /FU"C:\Program Files (x86)\Reference Assemblies\Microsoft\Framework\.NETFramework\v4.0\System.Drawing.dll" /FU"C:\Program Files (x86)\Reference Assemblies\Microsoft\Framework\.NETFramework\v4.0\System.Windows.Forms.dll" /FU"C:\Program Files (x86)\Reference Assemblies\Microsoft\Framework\.NETFramework\v4.0\System.Xml.dll" /analyze- /errorReport:prompt Bildbetrachter.cpp /clr:nostdlib 
         Bildbetrachter.cpp
         Alle Ausgaben sind aktuell.
       CoreResGen:
         "C:\Program Files (x86)\Microsoft SDKs\Windows\v7.0A\bin\NETFX 4.0 Tools\resgen.exe" /useSourcePath /r:"C:\Program Files (x86)\Reference Assemblies\Microsoft\Framework\.NETFramework\v4.0\System.Core.dll" /r:"C:\Program Files (x86)\Reference Assemblies\Microsoft\Framework\.NETFramework\v4.0\System.Data.dll" /r:"C:\Program Files (x86)\Reference Assemblies\Microsoft\Framework\.NETFramework\v4.0\System.dll" /r:"C:\Program Files (x86)\Reference Assemblies\Microsoft\Framework\.NETFramework\v4.0\System.Drawing.dll" /r:"C:\Program Files (x86)\Reference Assemblies\Microsoft\Framework\.NETFramework\v4.0\System.Windows.Forms.dll" /r:"C:\Program Files (x86)\Reference Assemblies\Microsoft\Framework\.NETFramework\v4.0\System.Xml.dll" /compile Form1.resX,Debug\Bildbetrachter.Form1.resources
         Die Ressourcendatei "Form1.resX" wird zu "Debug\Bildbetrachter.Form1.resources" verarbeitet.
       ResourceCompile:
         Alle Ausgaben sind aktuell.
       Link:
         C:\Program Files (x86)\Microsoft Visual Studio 10.0\VC\bin\link.exe /ERRORREPORT:PROMPT /OUT:"C:\Users\Lukas\documents\visual studio 2010\Projects\Bildbetrachter\Debug\Bildbetrachter.exe" /INCREMENTAL /NOLOGO /ASSEMBLYRESOURCE:Debug\Bildbetrachter.Form1.resources /ASSEMBLYRESOURCE:Debug\Bildbetrachter.formMax.resources /MANIFEST /ManifestFile:"Debug\Bildbetrachter.exe.intermediate.manifest" /MANIFESTUAC:"level='asInvoker' uiAccess='false'" /DEBUG /PDB:"C:\Users\Lukas\documents\visual studio 2010\Projects\Bildbetrachter\Debug\Bildbetrachter.pdb" /ASSEMBLYDEBUG /SUBSYSTEM:WINDOWS /TLBID:1 /ENTRY:"main" /DYNAMICBASE /FIXED:NO /NXCOMPAT /MACHINE:X86 Debug\app.res
         Debug\AssemblyInfo.obj
         Debug\Bildbetrachter.obj
         Debug\formMax.obj
         Debug\stdafx.obj
         "Debug\.NETFramework,Version=v4.0.AssemblyAttributes.obj"
         Bildbetrachter.vcxproj -> C:\Users\Lukas\documents\visual studio 2010\Projects\Bildbetrachter\Debug\Bildbetrachter.exe
       Manifest:
         C:\Program Files (x86)\Microsoft SDKs\Windows\v7.0A\bin\mt.exe /nologo /verbose /outputresource:"C:\Users\Lukas\documents\visual studio 2010\Projects\Bildbetrachter\Debug\Bildbetrachter.exe;#1" /manifest Debug\Bildbetrachter.exe.intermediate.manifest
       FinalizeBuildStatus:
         Die Datei "Debug\Bildbetrachter.unsuccessfulbuild" wird gelöscht.
         Aktualisieren des Timestamps von "Debug\Bildbetrachter.lastbuildstate".
     1>Die Erstellung des Projekts "C:\Users\Lukas\documents\visual studio 2010\Projects\Bildbetrachter\Bildbetrachter\Bildbetrachter.vcxproj" ist abgeschlossen, build Ziel(e).

Das Erstellen war erfolgreich.

Verstrichene Zeit 00:00:05.53
